<?xml version="1.0" encoding="UTF-8"?>
<!-- Generated by org.testng.reporters.JUnitXMLReporter -->
<testsuite hostname="DESKTOP-R5SR0P0" ignored="0" name="Default test" tests="3" failures="0" timestamp="10 Jul 2019 16:31:33 GMT" time="2.679" errors="0">
  <testcase name="Test1Create_Board" time="0.209" classname="WebServices.RestAPI.NewTest"/>
  <testcase name="Test2Player_Add" time="2.191" classname="WebServices.RestAPI.NewTest"/>
  <testcase name="Test3Move" time="0.239" classname="WebServices.RestAPI.NewTest"/>
</testsuite> <!-- Default test -->
