<?xml version="1.0" encoding="UTF-8"?>
<testng-results skipped="0" failed="0" ignored="0" total="3" passed="3">
  <reporter-output>
  </reporter-output>
  <suite name="Default suite" duration-ms="2679" started-at="2019-07-10T16:31:30Z" finished-at="2019-07-10T16:31:33Z">
    <groups>
    </groups>
    <test name="Default test" duration-ms="2679" started-at="2019-07-10T16:31:30Z" finished-at="2019-07-10T16:31:33Z">
      <class name="WebServices.RestAPI.NewTest">
        <test-method status="PASS" signature="Test1Create_Board()[pri:0, instance:WebServices.RestAPI.NewTest@1d057a39]" name="Test1Create_Board" duration-ms="209" started-at="2019-07-10T16:31:31Z" finished-at="2019-07-10T16:31:31Z">
          <reporter-output>
          </reporter-output>
        </test-method> <!-- Test1Create_Board -->
        <test-method status="PASS" signature="Test2Player_Add()[pri:0, instance:WebServices.RestAPI.NewTest@1d057a39]" name="Test2Player_Add" duration-ms="2191" started-at="2019-07-10T16:31:31Z" finished-at="2019-07-10T16:31:33Z">
          <reporter-output>
          </reporter-output>
        </test-method> <!-- Test2Player_Add -->
        <test-method status="PASS" signature="Test3Move()[pri:0, instance:WebServices.RestAPI.NewTest@1d057a39]" name="Test3Move" duration-ms="239" started-at="2019-07-10T16:31:33Z" finished-at="2019-07-10T16:31:33Z">
          <reporter-output>
          </reporter-output>
        </test-method> <!-- Test3Move -->
      </class> <!-- WebServices.RestAPI.NewTest -->
    </test> <!-- Default test -->
  </suite> <!-- Default suite -->
</testng-results>
